-------------------------------------------------------------------------------
Test set: de.automation.skl.AutomationApplicationTests
-------------------------------------------------------------------------------
Tests run: 1, Failures: 0, Errors: 1, Skipped: 0, Time elapsed: 6.998 s <<< FAILURE! -- in de.automation.skl.AutomationApplicationTests
de.automation.skl.AutomationApplicationTests.contextLoads -- Time elapsed: 0.021 s <<< ERROR!
java.lang.IllegalStateException: Failed to load ApplicationContext for [WebMergedContextConfiguration@3f919230 testClass = de.automation.skl.AutomationApplicationTests, locations = [], classes = [de.automation.skl.AutomationApplication], contextInitializerClasses = [], activeProfiles = [], propertySourceDescriptors = [], propertySourceProperties = ["org.springframework.boot.test.context.SpringBootTestContextBootstrapper=true"], contextCustomizers = [org.springframework.boot.test.context.filter.ExcludeFilterContextCustomizer@531f4093, org.springframework.boot.test.json.DuplicateJsonObjectContextCustomizerFactory$DuplicateJsonObjectContextCustomizer@74f5ce22, org.springframework.boot.test.mock.mockito.MockitoContextCustomizer@0, org.springframework.boot.test.web.client.TestRestTemplateContextCustomizer@4b1d6571, org.springframework.boot.test.autoconfigure.actuate.observability.ObservabilityContextCustomizerFactory$DisableObservabilityContextCustomizer@1f, org.springframework.boot.test.autoconfigure.properties.PropertyMappingContextCustomizer@0, org.springframework.boot.test.autoconfigure.web.servlet.WebDriverContextCustomizer@1a760689, org.springframework.boot.test.context.SpringBootTestAnnotation@db38df87], resourceBasePath = "src/main/webapp", contextLoader = org.springframework.boot.test.context.SpringBootContextLoader, parent = null]
	at org.springframework.test.context.cache.DefaultCacheAwareContextLoaderDelegate.loadContext(DefaultCacheAwareContextLoaderDelegate.java:180)
	at org.springframework.test.context.support.DefaultTestContext.getApplicationContext(DefaultTestContext.java:130)
	at org.springframework.test.context.web.ServletTestExecutionListener.setUpRequestContextIfNecessary(ServletTestExecutionListener.java:191)
	at org.springframework.test.context.web.ServletTestExecutionListener.prepareTestInstance(ServletTestExecutionListener.java:130)
	at org.springframework.test.context.TestContextManager.prepareTestInstance(TestContextManager.java:260)
	at org.springframework.test.context.junit.jupiter.SpringExtension.postProcessTestInstance(SpringExtension.java:163)
	at java.base/java.util.stream.ReferencePipeline$3$1.accept(ReferencePipeline.java:197)
	at java.base/java.util.stream.ReferencePipeline$2$1.accept(ReferencePipeline.java:179)
	at java.base/java.util.ArrayList$ArrayListSpliterator.forEachRemaining(ArrayList.java:1625)
	at java.base/java.util.stream.AbstractPipeline.copyInto(AbstractPipeline.java:509)
	at java.base/java.util.stream.AbstractPipeline.wrapAndCopyInto(AbstractPipeline.java:499)
	at java.base/java.util.stream.StreamSpliterators$WrappingSpliterator.forEachRemaining(StreamSpliterators.java:310)
	at java.base/java.util.stream.Streams$ConcatSpliterator.forEachRemaining(Streams.java:735)
	at java.base/java.util.stream.Streams$ConcatSpliterator.forEachRemaining(Streams.java:734)
	at java.base/java.util.stream.ReferencePipeline$Head.forEach(ReferencePipeline.java:762)
	at java.base/java.util.Optional.orElseGet(Optional.java:364)
	at java.base/java.util.ArrayList.forEach(ArrayList.java:1511)
	at java.base/java.util.ArrayList.forEach(ArrayList.java:1511)
Caused by: org.springframework.beans.factory.UnsatisfiedDependencyException: Error creating bean with name 'camundaIntegrationDeterminator': Unsatisfied dependency expressed through field 'processEngine': Error creating bean with name 'processEngineFactoryBean': FactoryBean threw exception on object creation
	at org.springframework.beans.factory.annotation.AutowiredAnnotationBeanPostProcessor$AutowiredFieldElement.resolveFieldValue(AutowiredAnnotationBeanPostProcessor.java:787)
	at org.springframework.beans.factory.annotation.AutowiredAnnotationBeanPostProcessor$AutowiredFieldElement.inject(AutowiredAnnotationBeanPostProcessor.java:767)
	at org.springframework.beans.factory.annotation.InjectionMetadata.inject(InjectionMetadata.java:145)
	at org.springframework.beans.factory.annotation.AutowiredAnnotationBeanPostProcessor.postProcessProperties(AutowiredAnnotationBeanPostProcessor.java:508)
	at org.springframework.beans.factory.support.AbstractAutowireCapableBeanFactory.populateBean(AbstractAutowireCapableBeanFactory.java:1419)
	at org.springframework.beans.factory.support.AbstractAutowireCapableBeanFactory.doCreateBean(AbstractAutowireCapableBeanFactory.java:599)
	at org.springframework.beans.factory.support.AbstractAutowireCapableBeanFactory.createBean(AbstractAutowireCapableBeanFactory.java:522)
	at org.springframework.beans.factory.support.AbstractBeanFactory.lambda$doGetBean$0(AbstractBeanFactory.java:326)
	at org.springframework.beans.factory.support.DefaultSingletonBeanRegistry.getSingleton(DefaultSingletonBeanRegistry.java:234)
	at org.springframework.beans.factory.support.AbstractBeanFactory.doGetBean(AbstractBeanFactory.java:324)
	at org.springframework.beans.factory.support.AbstractBeanFactory.getBean(AbstractBeanFactory.java:200)
	at org.springframework.beans.factory.support.DefaultListableBeanFactory.preInstantiateSingletons(DefaultListableBeanFactory.java:975)
	at org.springframework.context.support.AbstractApplicationContext.finishBeanFactoryInitialization(AbstractApplicationContext.java:962)
	at org.springframework.context.support.AbstractApplicationContext.refresh(AbstractApplicationContext.java:624)
	at org.springframework.boot.SpringApplication.refresh(SpringApplication.java:754)
	at org.springframework.boot.SpringApplication.refreshContext(SpringApplication.java:456)
	at org.springframework.boot.SpringApplication.run(SpringApplication.java:334)
	at org.springframework.boot.test.context.SpringBootContextLoader.lambda$loadContext$3(SpringBootContextLoader.java:137)
	at org.springframework.util.function.ThrowingSupplier.get(ThrowingSupplier.java:58)
	at org.springframework.util.function.ThrowingSupplier.get(ThrowingSupplier.java:46)
	at org.springframework.boot.SpringApplication.withHook(SpringApplication.java:1454)
	at org.springframework.boot.test.context.SpringBootContextLoader$ContextLoaderHook.run(SpringBootContextLoader.java:553)
	at org.springframework.boot.test.context.SpringBootContextLoader.loadContext(SpringBootContextLoader.java:137)
	at org.springframework.boot.test.context.SpringBootContextLoader.loadContext(SpringBootContextLoader.java:108)
	at org.springframework.test.context.cache.DefaultCacheAwareContextLoaderDelegate.loadContextInternal(DefaultCacheAwareContextLoaderDelegate.java:225)
	at org.springframework.test.context.cache.DefaultCacheAwareContextLoaderDelegate.loadContext(DefaultCacheAwareContextLoaderDelegate.java:152)
	... 17 more
Caused by: org.springframework.beans.factory.BeanCreationException: Error creating bean with name 'processEngineFactoryBean': FactoryBean threw exception on object creation
	at org.springframework.beans.factory.support.FactoryBeanRegistrySupport.doGetObjectFromFactoryBean(FactoryBeanRegistrySupport.java:188)
	at org.springframework.beans.factory.support.FactoryBeanRegistrySupport.getObjectFromFactoryBean(FactoryBeanRegistrySupport.java:124)
	at org.springframework.beans.factory.support.AbstractBeanFactory.getObjectForBeanInstance(AbstractBeanFactory.java:1819)
	at org.springframework.beans.factory.support.AbstractAutowireCapableBeanFactory.getObjectForBeanInstance(AbstractAutowireCapableBeanFactory.java:1276)
	at org.springframework.beans.factory.support.AbstractBeanFactory.doGetBean(AbstractBeanFactory.java:259)
	at org.springframework.beans.factory.support.AbstractBeanFactory.getBean(AbstractBeanFactory.java:200)
	at org.springframework.beans.factory.config.DependencyDescriptor.resolveCandidate(DependencyDescriptor.java:254)
	at org.springframework.beans.factory.support.DefaultListableBeanFactory.addCandidateEntry(DefaultListableBeanFactory.java:1696)
	at org.springframework.beans.factory.support.DefaultListableBeanFactory.findAutowireCandidates(DefaultListableBeanFactory.java:1653)
	at org.springframework.beans.factory.support.DefaultListableBeanFactory.doResolveDependency(DefaultListableBeanFactory.java:1397)
	at org.springframework.beans.factory.support.DefaultListableBeanFactory.resolveDependency(DefaultListableBeanFactory.java:1353)
	at org.springframework.beans.factory.annotation.AutowiredAnnotationBeanPostProcessor$AutowiredFieldElement.resolveFieldValue(AutowiredAnnotationBeanPostProcessor.java:784)
	... 42 more
Caused by: org.camunda.bpm.engine.ParseException: ENGINE-09005 Could not parse BPMN process. Errors: 
* ENGINE-12018 History Time To Live (TTL) cannot be null. TTL is necessary for the History Cleanup to work. The following options are possible:
* Set historyTimeToLive in the model
* Set a default historyTimeToLive as a global process engine configuration
* (Not recommended) Deactivate the enforceTTL config to disable this check: ENGINE-12018 History Time To Live (TTL) cannot be null. TTL is necessary for the History Cleanup to work. The following options are possible:
* Set historyTimeToLive in the model
* Set a default historyTimeToLive as a global process engine configuration
* (Not recommended) Deactivate the enforceTTL config to disable this check | resource C:\Users\Stefan.Klewer\git\workflow-test\target\classes\test-workflow.bpmn | line 7 | column 79
	at org.camunda.bpm.engine.impl.util.EngineUtilLogger.exceptionDuringParsing(EngineUtilLogger.java:66)
	at org.camunda.bpm.engine.impl.util.xml.Parse.throwExceptionForErrors(Parse.java:240)
	at org.camunda.bpm.engine.impl.bpmn.parser.BpmnParse.execute(BpmnParse.java:354)
	at org.camunda.bpm.engine.impl.bpmn.deployer.BpmnDeployer.transformDefinitions(BpmnDeployer.java:104)
	at org.camunda.bpm.engine.impl.AbstractDefinitionDeployer.transformResource(AbstractDefinitionDeployer.java:99)
	at org.camunda.bpm.engine.impl.AbstractDefinitionDeployer.parseDefinitionResources(AbstractDefinitionDeployer.java:74)
	at org.camunda.bpm.engine.impl.AbstractDefinitionDeployer.deploy(AbstractDefinitionDeployer.java:64)
	at org.camunda.bpm.engine.impl.persistence.deploy.cache.CacheDeployer$1.call(CacheDeployer.java:54)
	at org.camunda.bpm.engine.impl.persistence.deploy.cache.CacheDeployer$1.call(CacheDeployer.java:51)
	at org.camunda.bpm.engine.impl.interceptor.CommandContext.runWithoutAuthorization(CommandContext.java:559)
	at org.camunda.bpm.engine.impl.interceptor.CommandContext.runWithoutAuthorization(CommandContext.java:547)
	at org.camunda.bpm.engine.impl.persistence.deploy.cache.CacheDeployer.deploy(CacheDeployer.java:51)
	at org.camunda.bpm.engine.impl.persistence.deploy.cache.DeploymentCache.deploy(DeploymentCache.java:71)
	at org.camunda.bpm.engine.impl.persistence.entity.DeploymentManager.insertDeployment(DeploymentManager.java:64)
	at org.camunda.bpm.engine.impl.cmd.DeployCmd.deploy(DeployCmd.java:258)
	at org.camunda.bpm.engine.impl.cmd.DeployCmd.lambda$doExecute$0(DeployCmd.java:155)
	at org.camunda.bpm.engine.impl.interceptor.CommandContext.runWithoutAuthorization(CommandContext.java:559)
	at org.camunda.bpm.engine.impl.interceptor.CommandContext.runWithoutAuthorization(CommandContext.java:547)
	at org.camunda.bpm.engine.impl.cmd.DeployCmd.doExecute(DeployCmd.java:141)
	at org.camunda.bpm.engine.impl.cmd.DeployCmd.execute(DeployCmd.java:101)
	at org.camunda.bpm.engine.impl.cmd.DeployCmd.execute(DeployCmd.java:81)
	at org.camunda.bpm.engine.impl.interceptor.CommandExecutorImpl.execute(CommandExecutorImpl.java:28)
	at org.camunda.bpm.engine.impl.interceptor.CommandContextInterceptor.execute(CommandContextInterceptor.java:111)
	at org.camunda.bpm.engine.spring.SpringTransactionInterceptor.lambda$execute$0(SpringTransactionInterceptor.java:72)
	at org.springframework.transaction.support.TransactionTemplate.execute(TransactionTemplate.java:140)
	at org.camunda.bpm.engine.spring.SpringTransactionInterceptor.execute(SpringTransactionInterceptor.java:72)
	at org.camunda.bpm.engine.impl.interceptor.ProcessApplicationContextInterceptor.execute(ProcessApplicationContextInterceptor.java:70)
	at org.camunda.bpm.engine.impl.interceptor.CommandCounterInterceptor.execute(CommandCounterInterceptor.java:34)
	at org.camunda.bpm.engine.impl.interceptor.LogInterceptor.execute(LogInterceptor.java:33)
	at org.camunda.bpm.engine.impl.interceptor.ExceptionCodeInterceptor.execute(ExceptionCodeInterceptor.java:55)
	at org.camunda.bpm.engine.impl.RepositoryServiceImpl.deployWithResult(RepositoryServiceImpl.java:104)
	at org.camunda.bpm.engine.impl.repository.DeploymentBuilderImpl.deployWithResult(DeploymentBuilderImpl.java:270)
	at org.camunda.bpm.engine.impl.repository.DeploymentBuilderImpl.deploy(DeploymentBuilderImpl.java:266)
	at org.camunda.bpm.engine.spring.SpringTransactionsProcessEngineConfiguration.autoDeployResources(SpringTransactionsProcessEngineConfiguration.java:156)
	at org.camunda.bpm.engine.spring.SpringTransactionsProcessEngineConfiguration.buildProcessEngine(SpringTransactionsProcessEngineConfiguration.java:67)
	at org.camunda.bpm.engine.spring.ProcessEngineFactoryBean.getObject(ProcessEngineFactoryBean.java:55)
	at org.camunda.bpm.engine.spring.ProcessEngineFactoryBean.getObject(ProcessEngineFactoryBean.java:34)
	at org.springframework.beans.factory.support.FactoryBeanRegistrySupport.doGetObjectFromFactoryBean(FactoryBeanRegistrySupport.java:182)
	... 53 more

