<?xml version="1.0" encoding="UTF-8"?>
<testsuite xmlns:xsi="http://www.w3.org/2001/XMLSchema-instance" xsi:noNamespaceSchemaLocation="https://maven.apache.org/surefire/maven-surefire-plugin/xsd/surefire-test-report-3.0.xsd" version="3.0" name="de.automation.skl.AutomationApplicationTests" time="8.245" tests="1" errors="0" skipped="0" failures="0">
  <properties>
[...]
</properties>
  <testcase name="contextLoads" classname="de.automation.skl.AutomationApplicationTests" time="0.893">
    <system-out><![CDATA[08:07:46.476 [main] INFO org.springframework.test.context.support.AnnotationConfigContextLoaderUtils -- Could not detect default configuration classes for test class [de.automation.skl.AutomationApplicationTests]: AutomationApplicationTests does not declare any static, non-private, non-final, nested classes annotated with @Configuration.
08:07:46.588 [main] INFO org.springframework.boot.test.context.SpringBootTestContextBootstrapper -- Found @SpringBootConfiguration de.automation.skl.AutomationApplication for test class de.automation.skl.AutomationApplicationTests

 ____                                 _         ____  _       _    __                      
/ ___| __ _ _ __ ___  _   _ _ __   __| | __ _  |  _ \| | __ _| |_ / _| ___  _ __ _ __ ___  
| |   / _` | '_ ` _ \| | | | '_ \ / _` |/ _` | | |_) | |/ _` | __| |_ / _ \| '__| '_ ` _ \ 
| |__| (_| | | | | | | |_| | | | | (_| | (_| | |  __/| | (_| | |_|  _| (_) | |  | | | | | |
\____/\__,_|_| |_| |_|\__,_|_| |_|\__,_|\__,_| |_|   |_|\__,_|\__|_|  \___/|_|  |_| |_| |_|

  Spring-Boot:  (v3.2.4)
  Camunda Platform: (v7.21.0)
  Camunda Platform Spring Boot Starter: (v7.21.0)

2024-04-15T08:07:47.076+02:00  INFO 12044 --- [automation] [           main] d.a.skl.AutomationApplicationTests       : Starting AutomationApplicationTests using Java 17.0.10 with PID 12044 (started by Stefan.Klewer in C:\Users\Stefan.Klewer\git\workflow-test)
2024-04-15T08:07:47.078+02:00  INFO 12044 --- [automation] [           main] d.a.skl.AutomationApplicationTests       : No active profile set, falling back to 1 default profile: "default"
2024-04-15T08:07:49.012+02:00  INFO 12044 --- [automation] [           main] o.s.j.d.e.EmbeddedDatabaseFactory        : Starting embedded database: url='jdbc:h2:mem:7ee82ebb-f83d-48e0-8bd8-f92f0e814753;DB_CLOSE_DELAY=-1;DB_CLOSE_ON_EXIT=false', username='sa'
2024-04-15T08:07:49.278+02:00  INFO 12044 --- [automation] [           main] org.camunda.bpm.spring.boot              : STARTER-SB040 Setting up jobExecutor with corePoolSize=3, maxPoolSize:10
2024-04-15T08:07:49.372+02:00  INFO 12044 --- [automation] [           main] org.camunda.bpm.engine.cfg               : ENGINE-12003 Plugin 'CompositeProcessEnginePlugin[genericPropertiesConfiguration, camundaProcessEngineConfiguration, camundaDatasourceConfiguration, camundaJobConfiguration, camundaHistoryConfiguration, camundaMetricsConfiguration, camundaAuthorizationConfiguration, camundaDeploymentConfiguration, createAdminUserConfiguration, failedJobConfiguration, CreateFilterConfiguration[filterName=All task], eventPublisherPlugin, ApplicationContextClassloaderSwitchPlugin]' activated on process engine 'default'
2024-04-15T08:07:50.274+02:00  INFO 12044 --- [automation] [           main] org.camunda.bpm.spring.boot              : STARTER-SB021 Auto-Deploying resources: []
2024-04-15T08:07:50.278+02:00  INFO 12044 --- [automation] [           main] o.c.b.s.b.s.event.EventPublisherPlugin   : EVENTING-001: Initialized Camunda Spring Boot Eventing Engine Plugin.
2024-04-15T08:07:50.278+02:00  INFO 12044 --- [automation] [           main] o.c.b.s.b.s.event.EventPublisherPlugin   : EVENTING-003: Task events will be published as Spring Events.
2024-04-15T08:07:50.278+02:00  INFO 12044 --- [automation] [           main] o.c.b.s.b.s.event.EventPublisherPlugin   : EVENTING-005: Execution events will be published as Spring Events.
2024-04-15T08:07:50.278+02:00  INFO 12044 --- [automation] [           main] o.c.b.s.b.s.event.EventPublisherPlugin   : EVENTING-009: Listeners will not be invoked if a skipCustomListeners API parameter is set to true by user.
2024-04-15T08:07:50.285+02:00  INFO 12044 --- [automation] [           main] o.c.b.s.b.s.event.EventPublisherPlugin   : EVENTING-007: History events will be published as Spring events.
2024-04-15T08:07:50.527+02:00  INFO 12044 --- [automation] [           main] org.camunda.feel.FeelEngine              : Engine created. [value-mapper: CompositeValueMapper(List(org.camunda.feel.impl.JavaValueMapper@3a8b9458)), function-provider: org.camunda.bpm.dmn.feel.impl.scala.function.CustomFunctionTransformer@42cfd794, clock: SystemClock, configuration: {externalFunctionsEnabled: false}]
Standard Commons Logging discovery in action with spring-jcl: please remove commons-logging.jar from classpath in order to avoid potential conflicts
2024-04-15T08:07:52.706+02:00  INFO 12044 --- [automation] [           main] org.camunda.bpm.connect                  : CNCT-01004 Discovered provider for connector id 'http-connector' and class 'org.camunda.connect.httpclient.impl.HttpConnectorImpl': 'org.camunda.connect.httpclient.impl.HttpConnectorProviderImpl'
2024-04-15T08:07:52.709+02:00  INFO 12044 --- [automation] [           main] org.camunda.bpm.connect                  : CNCT-01004 Discovered provider for connector id 'soap-http-connector' and class 'org.camunda.connect.httpclient.soap.impl.SoapHttpConnectorImpl': 'org.camunda.connect.httpclient.soap.impl.SoapHttpConnectorProviderImpl'
2024-04-15T08:07:52.858+02:00  INFO 12044 --- [automation] [           main] org.camunda.bpm.engine.persistence       : ENGINE-03016 Performing database operation 'create' on component 'engine' with resource 'org/camunda/bpm/engine/db/create/activiti.h2.create.engine.sql'
2024-04-15T08:07:52.889+02:00  INFO 12044 --- [automation] [           main] org.camunda.bpm.engine.persistence       : ENGINE-03016 Performing database operation 'create' on component 'history' with resource 'org/camunda/bpm/engine/db/create/activiti.h2.create.history.sql'
2024-04-15T08:07:52.897+02:00  INFO 12044 --- [automation] [           main] org.camunda.bpm.engine.persistence       : ENGINE-03016 Performing database operation 'create' on component 'identity' with resource 'org/camunda/bpm/engine/db/create/activiti.h2.create.identity.sql'
2024-04-15T08:07:52.908+02:00  INFO 12044 --- [automation] [           main] org.camunda.bpm.engine.persistence       : ENGINE-03016 Performing database operation 'create' on component 'case.engine' with resource 'org/camunda/bpm/engine/db/create/activiti.h2.create.case.engine.sql'
2024-04-15T08:07:52.911+02:00  INFO 12044 --- [automation] [           main] org.camunda.bpm.engine.persistence       : ENGINE-03016 Performing database operation 'create' on component 'case.history' with resource 'org/camunda/bpm/engine/db/create/activiti.h2.create.case.history.sql'
2024-04-15T08:07:52.915+02:00  INFO 12044 --- [automation] [           main] org.camunda.bpm.engine.persistence       : ENGINE-03016 Performing database operation 'create' on component 'decision.engine' with resource 'org/camunda/bpm/engine/db/create/activiti.h2.create.decision.engine.sql'
2024-04-15T08:07:52.939+02:00  INFO 12044 --- [automation] [           main] org.camunda.bpm.engine.persistence       : ENGINE-03016 Performing database operation 'create' on component 'decision.history' with resource 'org/camunda/bpm/engine/db/create/activiti.h2.create.decision.history.sql'
2024-04-15T08:07:52.974+02:00  INFO 12044 --- [automation] [           main] org.camunda.bpm.engine.persistence       : ENGINE-03067 No history level property found in database
2024-04-15T08:07:52.978+02:00  INFO 12044 --- [automation] [           main] org.camunda.bpm.engine.persistence       : ENGINE-03065 Creating historyLevel property in database for level: HistoryLevelFull(name=full, id=3)
2024-04-15T08:07:52.999+02:00  INFO 12044 --- [automation] [           main] org.camunda.bpm.engine                   : ENGINE-00001 Process Engine default created.
2024-04-15T08:07:53.211+02:00  INFO 12044 --- [automation] [           main] org.camunda.bpm.spring.boot              : STARTER-SB015 Create initial filter: id=7ed45932-faee-11ee-bf31-005056a268cd name=All task
2024-04-15T08:07:53.500+02:00  INFO 12044 --- [automation] [           main] o.s.b.a.e.web.EndpointLinksResolver      : Exposing 1 endpoint(s) beneath base path '/actuator'
2024-04-15T08:07:53.571+02:00  INFO 12044 --- [automation] [           main] d.a.skl.AutomationApplicationTests       : Started AutomationApplicationTests in 6.798 seconds (process running for 7.943)
2024-04-15T08:07:53.619+02:00  INFO 12044 --- [automation] [           main] org.camunda.bpm.engine.jobexecutor       : ENGINE-14014 Starting up the JobExecutor[org.camunda.bpm.engine.spring.components.jobexecutor.SpringJobExecutor].
2024-04-15T08:07:53.621+02:00  INFO 12044 --- [automation] [ingJobExecutor]] org.camunda.bpm.engine.jobexecutor       : ENGINE-14018 JobExecutor[org.camunda.bpm.engine.spring.components.jobexecutor.SpringJobExecutor] starting to acquire jobs
]]></system-out>
  </testcase>
</testsuite>